c:\users\user\desktop\school work\aie\rendering\render\temp\project3d\x64\release\vc143.pdb
c:\users\user\desktop\school work\aie\rendering\render\temp\project3d\x64\release\shader.obj
c:\users\user\desktop\school work\aie\rendering\render\temp\project3d\x64\release\scene.obj
c:\users\user\desktop\school work\aie\rendering\render\temp\project3d\x64\release\particleemitter.obj
c:\users\user\desktop\school work\aie\rendering\render\temp\project3d\x64\release\objmesh.obj
c:\users\user\desktop\school work\aie\rendering\render\temp\project3d\x64\release\mesh.obj
c:\users\user\desktop\school work\aie\rendering\render\temp\project3d\x64\release\main.obj
c:\users\user\desktop\school work\aie\rendering\render\temp\project3d\x64\release\instance.obj
c:\users\user\desktop\school work\aie\rendering\render\temp\project3d\x64\release\camera.obj
c:\users\user\desktop\school work\aie\rendering\render\temp\project3d\x64\release\application3d.obj
c:\users\user\desktop\school work\aie\rendering\render\temp\project3d\x64\release\project3d.exe
c:\users\user\desktop\school work\aie\rendering\render\temp\project3d\x64\release\project3d.pdb
c:\users\user\desktop\school work\aie\rendering\render\temp\project3d\x64\release\project3d.ipdb
c:\users\user\desktop\school work\aie\rendering\render\temp\project3d\x64\release\project3d.iobj
c:\users\user\desktop\school work\aie\rendering\render\temp\project3d\x64\release\project3d.vcxproj.filelistabsolute.txt
c:\users\user\desktop\school work\aie\rendering\render\temp\project3d\x64\release\project3d.tlog\cl.command.1.tlog
c:\users\user\desktop\school work\aie\rendering\render\temp\project3d\x64\release\project3d.tlog\cl.read.1.tlog
c:\users\user\desktop\school work\aie\rendering\render\temp\project3d\x64\release\project3d.tlog\cl.write.1.tlog
c:\users\user\desktop\school work\aie\rendering\render\temp\project3d\x64\release\project3d.tlog\link.command.1.tlog
c:\users\user\desktop\school work\aie\rendering\render\temp\project3d\x64\release\project3d.tlog\link.read.1.tlog
c:\users\user\desktop\school work\aie\rendering\render\temp\project3d\x64\release\project3d.tlog\link.write.1.tlog
c:\users\user\desktop\school work\aie\rendering\render\temp\project3d\x64\release\project3d.tlog\project3d.write.1u.tlog
