  Application3D.cpp
C:\Users\User\Desktop\School Work\AIE\Rendering\Render\Project3D\Scene.h(40,21): warning C4267: 'return': conversion from 'size_t' to 'int', possible loss of data
C:\Users\User\Desktop\School Work\AIE\Rendering\Render\Project3D\Application3D.cpp(187,85): warning C4244: 'argument': conversion from 'unsigned int' to 'float', possible loss of data
C:\Users\User\Desktop\School Work\AIE\Rendering\Render\Project3D\Application3D.cpp(187,66): warning C4244: 'argument': conversion from 'unsigned int' to 'float', possible loss of data
  Camera.cpp
C:\Users\User\Desktop\School Work\AIE\Rendering\Render\Project3D\Camera.cpp(26,11): warning C4244: 'initializing': conversion from 'int' to 'float', possible loss of data
C:\Users\User\Desktop\School Work\AIE\Rendering\Render\Project3D\Camera.cpp(27,11): warning C4244: 'initializing': conversion from 'int' to 'float', possible loss of data
  Instance.cpp
C:\Users\User\Desktop\School Work\AIE\Rendering\Render\Project3D\Scene.h(40,21): warning C4267: 'return': conversion from 'size_t' to 'int', possible loss of data
  main.cpp
C:\Users\User\Desktop\School Work\AIE\Rendering\Render\Project3D\Scene.h(40,21): warning C4267: 'return': conversion from 'size_t' to 'int', possible loss of data
  Mesh.cpp
  OBJMesh.cpp
  ParticleEmitter.cpp
  Scene.cpp
C:\Users\User\Desktop\School Work\AIE\Rendering\Render\Project3D\Scene.h(40,21): warning C4267: 'return': conversion from 'size_t' to 'int', possible loss of data
  Shader.cpp
  Generating code
  Previous IPDB not found, fall back to full compilation.
  All 2837 functions were compiled because no usable IPDB/IOBJ from previous compilation was found.
  Finished generating code
  Project3D.vcxproj -> C:\Users\User\Desktop\School Work\AIE\Rendering\Render\temp\Project3D\x64\Release\Project3D.exe
